<?xml version="1.0" encoding="UTF-8"?>
<testng-results ignored="0" total="1" passed="1" failed="0" skipped="0">
  <reporter-output>
  </reporter-output>
  <suite started-at="2024-07-27T01:57:51Z" name="Default suite" finished-at="2024-07-27T01:57:54Z" duration-ms="2621">
    <groups>
    </groups>
    <test started-at="2024-07-27T01:57:51Z" name="Default test" finished-at="2024-07-27T01:57:54Z" duration-ms="2621">
      <class name="Testing.NewTest">
        <test-method signature="f()[pri:0, instance:Testing.NewTest@76a4ebf2]" started-at="2024-07-26T19:57:51Z" name="f" finished-at="2024-07-26T19:57:54Z" duration-ms="2594" status="PASS">
          <reporter-output>
          </reporter-output>
        </test-method> <!-- f -->
      </class> <!-- Testing.NewTest -->
    </test> <!-- Default test -->
  </suite> <!-- Default suite -->
</testng-results>
